nohup: ignoring input
/workspaces/new_repo_2/simon/PINN_tuning.py:70: SyntaxWarning: invalid escape sequence '\m'
  """ 
[I 2025-07-16 11:38:30,674] A new study created in memory with name: no-name-875bee09-946e-4a2e-a551-ad7e8152e4b3
[I 2025-07-16 12:16:43,970] Trial 0 finished with value: 0.0023642710875719786 and parameters: {'n_hidden': 128, 'n_layers': 2, 'lr': 0.000601784477207793, 'lambda_bc': 0.1, 'lambda_ic': 0.1, 'lambda_pde': 0.1}. Best is trial 0 with value: 0.0023642710875719786.
[I 2025-07-16 12:56:13,928] Trial 1 finished with value: 0.0002846009738277644 and parameters: {'n_hidden': 64, 'n_layers': 3, 'lr': 3.4200466989175795e-05, 'lambda_bc': 0.1, 'lambda_ic': 0.1, 'lambda_pde': 1.0}. Best is trial 1 with value: 0.0002846009738277644.
[I 2025-07-16 13:36:55,204] Trial 2 finished with value: 0.001871083048172295 and parameters: {'n_hidden': 64, 'n_layers': 4, 'lr': 3.647195906127e-05, 'lambda_bc': 0.1, 'lambda_ic': 1.0, 'lambda_pde': 1.0}. Best is trial 1 with value: 0.0002846009738277644.
[I 2025-07-16 14:16:11,422] Trial 3 finished with value: 0.05285197123885155 and parameters: {'n_hidden': 64, 'n_layers': 3, 'lr': 1.8364017511846207e-05, 'lambda_bc': 1.0, 'lambda_ic': 1.0, 'lambda_pde': 0.1}. Best is trial 1 with value: 0.0002846009738277644.
[I 2025-07-16 14:56:36,617] Trial 4 finished with value: 0.0005992072983644903 and parameters: {'n_hidden': 64, 'n_layers': 4, 'lr': 0.00011908512266851715, 'lambda_bc': 0.1, 'lambda_ic': 0.1, 'lambda_pde': 1.0}. Best is trial 1 with value: 0.0002846009738277644.
[I 2025-07-16 14:58:18,452] Trial 5 pruned. 
[I 2025-07-16 15:00:02,921] Trial 6 pruned. 
[I 2025-07-16 15:01:41,062] Trial 7 pruned. 
[I 2025-07-16 15:42:17,809] Trial 8 finished with value: 0.0011986136669293046 and parameters: {'n_hidden': 512, 'n_layers': 4, 'lr': 0.0004966711455960428, 'lambda_bc': 1.0, 'lambda_ic': 0.1, 'lambda_pde': 1.0}. Best is trial 1 with value: 0.0002846009738277644.
[I 2025-07-16 16:21:40,172] Trial 9 finished with value: 0.0003840523713734001 and parameters: {'n_hidden': 64, 'n_layers': 2, 'lr': 7.757674509290871e-05, 'lambda_bc': 0.1, 'lambda_ic': 0.1, 'lambda_pde': 1.0}. Best is trial 1 with value: 0.0002846009738277644.
Best trial:
Validation Loss: 0.0002846009738277644
Best hyperparameters:
n_hidden: 64
n_layers: 3
lr: 3.4200466989175795e-05
lambda_bc: 0.1
lambda_ic: 0.1
lambda_pde: 1.0
